<?xml version="1.0" encoding="UTF-8"?>
<!-- Generated by org.testng.reporters.JUnitReportReporter -->
<testsuite hostname="MSI" failures="0" tests="1" name="Com.Ecommerce.TestCases.TC_LoginTestCase" time="20.122" errors="0" timestamp="2023-01-24T17:19:03 IST" skipped="0">
  <testcase classname="Com.Ecommerce.TestCases.TC_LoginTestCase" name="LoginTestCase" time="20.122"/>
  <system-out/>
</testsuite> <!-- Com.Ecommerce.TestCases.TC_LoginTestCase -->
