<?xml version="1.0" encoding="UTF-8"?>
<!-- Generated by org.testng.reporters.JUnitReportReporter -->
<testsuite hostname="MSI" failures="0" tests="1" name="Com.Ecommerce.TestCases.TC_NewRegistration" time="7.495" errors="0" timestamp="2023-01-28T11:28:23 IST" skipped="0">
  <testcase classname="Com.Ecommerce.TestCases.TC_NewRegistration" name="Registration" time="7.495"/>
  <system-out/>
</testsuite> <!-- Com.Ecommerce.TestCases.TC_NewRegistration -->
