<?xml version="1.0" encoding="UTF-8"?>
<!-- Generated by org.testng.reporters.JUnitReportReporter -->
<testsuite hostname="MSI" failures="0" tests="1" name="Com.Ecommerce.TestCases.TC_AddToCart" time="28.413" errors="0" timestamp="2023-01-24T17:19:03 IST" skipped="0">
  <testcase classname="Com.Ecommerce.TestCases.TC_AddToCart" name="Addproduct" time="28.413"/>
  <system-out/>
</testsuite> <!-- Com.Ecommerce.TestCases.TC_AddToCart -->
